2024-02-12 05:57:55 INFO  KugoMain:36 - ----- NEW ENINGE KUGO STARTED --------
2024-02-12 05:57:55 INFO  KugoHelper:17 - 
2024-02-12 05:57:55 INFO  KugoHelper:18 - TIMER TASK INITIATED... [1]
2024-02-12 05:57:55 ERROR KugoHelper:172 - Error Found : java.io.FileNotFoundException: suma.properties (No such file or directory)
2024-02-12 05:57:55 INFO  KugoHelper:183 - Object Synchronize...
2024-02-12 05:57:55 INFO  KugoHelper:184 - Main thread sleep for 5 seconds..
2024-02-12 05:58:00 INFO  KugoMain:20 - Oops! Trapped exit signal...
2024-02-12 05:58:00 INFO  KugoMain:55 - Prepare cleaning up the process...
2024-02-12 05:58:00 INFO  KugoMain:60 - TIMER TASK TERMINTAED..
2024-02-12 05:58:00 INFO  KugoMain:65 - TIMER TASK PURGING
2024-02-12 05:58:00 INFO  KugoMain:72 - Application stopped!.
2024-02-12 05:58:00 INFO  KugoMain:26 - Thread end..
2024-02-12 05:58:55 INFO  KugoMain:36 - ----- NEW ENINGE KUGO STARTED --------
2024-02-12 05:58:55 INFO  KugoHelper:17 - 
2024-02-12 05:58:55 INFO  KugoHelper:18 - TIMER TASK INITIATED... [1]
2024-02-12 05:58:55 INFO  KugoHelper:30 - ----------------------------
2024-02-12 05:58:55 INFO  KugoHelper:31 - OPENING DATABASE CONNECTION...
2024-02-12 05:58:55 INFO  DbmysqlLayer:27 - Creating mySQL DataBaseLayer class [DONE]
2024-02-12 05:58:55 INFO  DbmysqlLayer:64 - Database parameter loaded...
2024-02-12 05:58:55 INFO  DbmysqlLayer:65 - JDBC_DRIVER: com.mysql.jdbc.Driver
2024-02-12 05:58:55 INFO  DbmysqlLayer:66 - URL: jdbc:mysql://10.15.193.147:3306/seradb
2024-02-12 05:58:55 INFO  DbmysqlLayer:67 - Username: andri
2024-02-12 05:58:55 INFO  DbmysqlLayer:68 - Password: XXXXXXXX
2024-02-12 05:58:55 INFO  DbmysqlLayer:74 - Connecting..
2024-02-12 05:58:55 INFO  DbmysqlLayer:78 - DB Connected!
2024-02-12 05:58:55 INFO  KugoHelper:40 - OPENING DATABASE CONNECTION [DONE]
2024-02-12 05:58:55 INFO  KugoHelper:55 - QUERYING DATA FROM DATABASE...
2024-02-12 05:58:55 INFO  KugoHelper:66 - FOUND RECORDS TO BE PROCESSED..
2024-02-12 05:58:55 INFO  KugoHelper:92 - 
2024-02-12 05:58:55 INFO  KugoHelper:93 - PROCESSING RECORDS[1]
2024-02-12 05:58:55 INFO  KugoHelper:94 - IdSuma: 93107
2024-02-12 05:58:55 INFO  KugoHelper:95 - SubscriberNo: 7000036741
2024-02-12 05:58:55 INFO  KugoHelper:96 - Nomor Kartu 69588577
2024-02-12 05:58:55 INFO  KugoHelper:97 - TblRef: registration
2024-02-12 05:58:55 INFO  KugoHelper:98 - CommandType: 33
2024-02-12 05:58:55 INFO  KugoHelper:104 - Opening Account to SUMA Server..
2024-02-12 05:58:55 INFO  SumaProcessor:42 - Connecting to 10.1 on port 8001
2024-02-12 05:59:01 INFO  KugoMain:20 - Oops! Trapped exit signal...
2024-02-12 05:59:01 INFO  KugoMain:55 - Prepare cleaning up the process...
2024-02-12 05:59:01 INFO  KugoMain:60 - TIMER TASK TERMINTAED..
2024-02-12 05:59:01 INFO  KugoMain:65 - TIMER TASK PURGING
2024-02-12 05:59:01 INFO  KugoMain:72 - Application stopped!.
2024-02-12 05:59:01 INFO  KugoMain:26 - Thread end..
2024-02-12 06:00:04 INFO  KugoMain:36 - ----- NEW ENINGE KUGO STARTED --------
2024-02-12 06:00:04 INFO  KugoHelper:17 - 
2024-02-12 06:00:04 INFO  KugoHelper:18 - TIMER TASK INITIATED... [1]
2024-02-12 06:00:04 INFO  KugoHelper:30 - ----------------------------
2024-02-12 06:00:04 INFO  KugoHelper:31 - OPENING DATABASE CONNECTION...
2024-02-12 06:00:04 INFO  DbmysqlLayer:27 - Creating mySQL DataBaseLayer class [DONE]
2024-02-12 06:00:04 INFO  DbmysqlLayer:64 - Database parameter loaded...
2024-02-12 06:00:04 INFO  DbmysqlLayer:65 - JDBC_DRIVER: com.mysql.jdbc.Driver
2024-02-12 06:00:04 INFO  DbmysqlLayer:66 - URL: jdbc:mysql://10.15.193.147:3306/seradb
2024-02-12 06:00:04 INFO  DbmysqlLayer:67 - Username: andri
2024-02-12 06:00:04 INFO  DbmysqlLayer:68 - Password: XXXXXXXX
2024-02-12 06:00:04 INFO  DbmysqlLayer:74 - Connecting..
2024-02-12 06:00:04 INFO  DbmysqlLayer:78 - DB Connected!
2024-02-12 06:00:04 INFO  KugoHelper:40 - OPENING DATABASE CONNECTION [DONE]
2024-02-12 06:00:04 INFO  KugoHelper:55 - QUERYING DATA FROM DATABASE...
2024-02-12 06:00:04 INFO  KugoHelper:66 - FOUND RECORDS TO BE PROCESSED..
2024-02-12 06:00:04 INFO  KugoHelper:92 - 
2024-02-12 06:00:04 INFO  KugoHelper:93 - PROCESSING RECORDS[1]
2024-02-12 06:00:04 INFO  KugoHelper:94 - IdSuma: 93107
2024-02-12 06:00:04 INFO  KugoHelper:95 - SubscriberNo: 7000036741
2024-02-12 06:00:04 INFO  KugoHelper:96 - Nomor Kartu 69588577
2024-02-12 06:00:04 INFO  KugoHelper:97 - TblRef: registration
2024-02-12 06:00:04 INFO  KugoHelper:98 - CommandType: 33
2024-02-12 06:00:04 INFO  KugoHelper:104 - Opening Account to SUMA Server..
2024-02-12 06:00:04 INFO  SumaProcessor:42 - Connecting to 10.10.2.150 on port 8000
2024-02-12 06:00:30 INFO  KugoMain:20 - Oops! Trapped exit signal...
2024-02-12 06:00:30 INFO  KugoMain:55 - Prepare cleaning up the process...
2024-02-12 06:00:30 INFO  KugoMain:60 - TIMER TASK TERMINTAED..
2024-02-12 06:00:30 INFO  KugoMain:65 - TIMER TASK PURGING
2024-02-12 06:00:30 INFO  KugoMain:72 - Application stopped!.
2024-02-12 06:00:30 INFO  KugoMain:26 - Thread end..
2024-02-12 06:01:43 INFO  KugoMain:36 - ----- NEW ENINGE KUGO STARTED --------
2024-02-12 06:01:43 INFO  KugoHelper:17 - 
2024-02-12 06:01:43 INFO  KugoHelper:18 - TIMER TASK INITIATED... [1]
2024-02-12 06:01:43 INFO  KugoHelper:30 - ----------------------------
2024-02-12 06:01:43 INFO  KugoHelper:31 - OPENING DATABASE CONNECTION...
2024-02-12 06:01:43 INFO  DbmysqlLayer:27 - Creating mySQL DataBaseLayer class [DONE]
2024-02-12 06:01:43 INFO  DbmysqlLayer:64 - Database parameter loaded...
2024-02-12 06:01:43 INFO  DbmysqlLayer:65 - JDBC_DRIVER: com.mysql.jdbc.Driver
2024-02-12 06:01:43 INFO  DbmysqlLayer:66 - URL: jdbc:mysql://10.15.193.147:3306/seradb
2024-02-12 06:01:43 INFO  DbmysqlLayer:67 - Username: andri
2024-02-12 06:01:43 INFO  DbmysqlLayer:68 - Password: XXXXXXXX
2024-02-12 06:01:43 INFO  DbmysqlLayer:74 - Connecting..
2024-02-12 06:01:43 INFO  DbmysqlLayer:78 - DB Connected!
2024-02-12 06:01:43 INFO  KugoHelper:40 - OPENING DATABASE CONNECTION [DONE]
2024-02-12 06:01:43 INFO  KugoHelper:55 - QUERYING DATA FROM DATABASE...
2024-02-12 06:01:43 INFO  KugoHelper:66 - FOUND RECORDS TO BE PROCESSED..
2024-02-12 06:01:43 INFO  KugoHelper:92 - 
2024-02-12 06:01:43 INFO  KugoHelper:93 - PROCESSING RECORDS[1]
2024-02-12 06:01:43 INFO  KugoHelper:94 - IdSuma: 93107
2024-02-12 06:01:43 INFO  KugoHelper:95 - SubscriberNo: 7000036741
2024-02-12 06:01:43 INFO  KugoHelper:96 - Nomor Kartu 69588577
2024-02-12 06:01:43 INFO  KugoHelper:97 - TblRef: registration
2024-02-12 06:01:43 INFO  KugoHelper:98 - CommandType: 33
2024-02-12 06:01:43 INFO  KugoHelper:104 - Opening Account to SUMA Server..
2024-02-12 06:01:43 INFO  SumaProcessor:42 - Connecting to 10.10.2.150 on port 8000
2024-02-12 06:01:44 INFO  KugoMain:20 - Oops! Trapped exit signal...
2024-02-12 06:01:44 INFO  KugoMain:55 - Prepare cleaning up the process...
2024-02-12 06:01:44 INFO  KugoMain:60 - TIMER TASK TERMINTAED..
2024-02-12 06:01:44 INFO  KugoMain:65 - TIMER TASK PURGING
2024-02-12 06:01:44 INFO  KugoMain:72 - Application stopped!.
2024-02-12 06:01:44 INFO  KugoMain:26 - Thread end..
2024-02-12 15:30:14 INFO  KugoMain:36 - ----- NEW ENINGE KUGO STARTED --------
2024-02-12 15:30:14 INFO  KugoHelper:17 - 
2024-02-12 15:30:14 INFO  KugoHelper:18 - TIMER TASK INITIATED... [1]
2024-02-12 15:30:14 INFO  KugoHelper:30 - ----------------------------
2024-02-12 15:30:14 INFO  KugoHelper:31 - OPENING DATABASE CONNECTION...
2024-02-12 15:30:14 INFO  DbmysqlLayer:27 - Creating mySQL DataBaseLayer class [DONE]
2024-02-12 15:30:14 INFO  DbmysqlLayer:64 - Database parameter loaded...
2024-02-12 15:30:14 INFO  DbmysqlLayer:65 - JDBC_DRIVER: com.mysql.jdbc.Driver
2024-02-12 15:30:14 INFO  DbmysqlLayer:66 - URL: jdbc:mysql://10.15.193.147:3306/seradb
2024-02-12 15:30:14 INFO  DbmysqlLayer:67 - Username: andri
2024-02-12 15:30:14 INFO  DbmysqlLayer:68 - Password: XXXXXXXX
2024-02-12 15:30:14 INFO  DbmysqlLayer:74 - Connecting..
2024-02-12 15:30:14 INFO  DbmysqlLayer:78 - DB Connected!
2024-02-12 15:30:14 INFO  KugoHelper:40 - OPENING DATABASE CONNECTION [DONE]
2024-02-12 15:30:14 INFO  KugoHelper:55 - QUERYING DATA FROM DATABASE...
2024-02-12 15:30:15 INFO  KugoHelper:66 - FOUND RECORDS TO BE PROCESSED..
2024-02-12 15:30:15 INFO  KugoHelper:92 - 
2024-02-12 15:30:15 INFO  KugoHelper:93 - PROCESSING RECORDS[1]
2024-02-12 15:30:15 INFO  KugoHelper:94 - IdSuma: 93107
2024-02-12 15:30:15 INFO  KugoHelper:95 - SubscriberNo: 7000036741
2024-02-12 15:30:15 INFO  KugoHelper:96 - Nomor Kartu 69588577
2024-02-12 15:30:15 INFO  KugoHelper:97 - TblRef: registration
2024-02-12 15:30:15 INFO  KugoHelper:98 - CommandType: 33
2024-02-12 15:30:15 INFO  KugoHelper:104 - Opening Account to SUMA Server..
2024-02-12 15:30:15 INFO  SumaProcessor:48 - Connecting to 10.10.2.140 on port 8000
2024-02-12 15:30:45 INFO  KugoMain:20 - Oops! Trapped exit signal...
2024-02-12 15:30:45 INFO  KugoMain:55 - Prepare cleaning up the process...
2024-02-12 15:30:45 INFO  KugoMain:60 - TIMER TASK TERMINTAED..
2024-02-12 15:30:45 INFO  KugoMain:65 - TIMER TASK PURGING
2024-02-12 15:30:45 INFO  KugoMain:72 - Application stopped!.
2024-02-12 15:30:45 INFO  KugoMain:26 - Thread end..
