2024-02-10 21:07:20 INFO  PrintOutput:41 - ----------------------------
2024-02-10 21:07:20 INFO  PrintOutput:41 - OPENING DATABASE CONNECTION...
2024-02-10 21:09:16 INFO  PrintOutput:41 - ----------------------------
2024-02-10 21:09:16 INFO  PrintOutput:41 - OPENING DATABASE CONNECTION...
2024-02-10 21:37:19 INFO  PrintOutput:41 - ----------------------------
2024-02-10 21:37:19 INFO  PrintOutput:41 - OPENING DATABASE CONNECTION...
2024-02-10 21:40:20 INFO  PrintOutput:41 - ----------------------------
2024-02-10 21:40:20 INFO  PrintOutput:41 - OPENING DATABASE CONNECTION...
2024-02-10 21:40:58 INFO  PrintOutput:41 - ----------------------------
2024-02-10 21:40:58 INFO  PrintOutput:41 - OPENING DATABASE CONNECTION...
2024-02-10 21:42:10 INFO  PrintOutput:41 - ----------------------------
2024-02-10 21:42:10 INFO  PrintOutput:41 - OPENING DATABASE CONNECTION...
2024-02-10 21:46:23 INFO  PrintOutput:41 - ----------------------------
2024-02-10 21:46:23 INFO  PrintOutput:41 - OPENING DATABASE CONNECTION...
2024-02-10 21:48:10 INFO  PrintOutput:41 - ----------------------------
2024-02-10 21:48:10 INFO  PrintOutput:41 - OPENING DATABASE CONNECTION...
2024-02-10 21:50:18 INFO  PrintOutput:41 - ----------------------------
2024-02-10 21:50:18 INFO  PrintOutput:41 - OPENING DATABASE CONNECTION...
2024-02-10 21:50:42 INFO  PrintOutput:41 - ----------------------------
2024-02-10 21:50:42 INFO  PrintOutput:41 - OPENING DATABASE CONNECTION...
2024-02-10 21:50:43 INFO  PrintOutput:41 - OPENING DATABASE CONNECTION [DONE]
2024-02-10 21:51:16 INFO  PrintOutput:41 - ----------------------------
2024-02-10 21:51:16 INFO  PrintOutput:41 - OPENING DATABASE CONNECTION...
2024-02-10 21:51:17 INFO  PrintOutput:41 - OPENING DATABASE CONNECTION [DONE]
2024-02-10 21:55:16 INFO  PrintOutput:41 - ----------------------------
2024-02-10 21:55:16 INFO  PrintOutput:41 - OPENING DATABASE CONNECTION...
2024-02-10 21:55:18 INFO  PrintOutput:41 - OPENING DATABASE CONNECTION [DONE]
2024-02-10 21:55:35 INFO  PrintOutput:41 - ----------------------------
2024-02-10 21:55:35 INFO  PrintOutput:41 - OPENING DATABASE CONNECTION...
2024-02-10 21:55:36 INFO  PrintOutput:41 - OPENING DATABASE CONNECTION [DONE]
2024-02-10 21:57:06 INFO  PrintOutput:41 - ----------------------------
2024-02-10 21:57:06 INFO  PrintOutput:41 - OPENING DATABASE CONNECTION...
2024-02-10 21:57:07 INFO  PrintOutput:41 - OPENING DATABASE CONNECTION [DONE]
2024-02-10 21:57:36 INFO  PrintOutput:41 - ----------------------------
2024-02-10 21:57:36 INFO  PrintOutput:41 - OPENING DATABASE CONNECTION...
2024-02-10 21:57:37 INFO  PrintOutput:41 - OPENING DATABASE CONNECTION [DONE]
2024-02-10 21:58:42 INFO  PrintOutput:41 - ----------------------------
2024-02-10 21:58:42 INFO  PrintOutput:41 - OPENING DATABASE CONNECTION...
2024-02-10 21:58:44 INFO  PrintOutput:41 - OPENING DATABASE CONNECTION [DONE]
2024-02-10 21:58:44 INFO  PrintOutput:41 - QUERYING DATA FROM DATABASE...
2024-02-10 21:58:49 INFO  PrintOutput:41 - ----------------------------
2024-02-10 21:58:49 INFO  PrintOutput:41 - OPENING DATABASE CONNECTION...
2024-02-10 21:58:50 INFO  PrintOutput:41 - OPENING DATABASE CONNECTION [DONE]
2024-02-10 21:58:50 INFO  PrintOutput:41 - QUERYING DATA FROM DATABASE...
2024-02-10 21:59:26 INFO  PrintOutput:41 - ----------------------------
2024-02-10 21:59:26 INFO  PrintOutput:41 - OPENING DATABASE CONNECTION...
2024-02-10 21:59:27 INFO  PrintOutput:41 - OPENING DATABASE CONNECTION [DONE]
2024-02-10 21:59:27 INFO  PrintOutput:41 - QUERYING DATA FROM DATABASE...
2024-02-10 23:12:45 INFO  PrintOutput:41 - ----------------------------
2024-02-10 23:12:45 INFO  PrintOutput:41 - OPENING DATABASE CONNECTION...
2024-02-10 23:12:46 INFO  PrintOutput:41 - OPENING DATABASE CONNECTION [DONE]
2024-02-10 23:12:46 INFO  PrintOutput:41 - QUERYING DATA FROM DATABASE...
2024-02-10 23:12:46 INFO  PrintOutput:41 - 
2024-02-10 23:12:46 INFO  PrintOutput:41 - PROCESSING RECORD..
2024-02-10 23:12:46 INFO  PrintOutput:41 - 
2024-02-10 23:12:46 INFO  PrintOutput:41 - NEW RECORD : 11711172 - STB_ID : 90269489 - NAMA-PAKET : 0 - DURASI : 2024-02-10 22:17:13.0
2024-02-10 23:12:47 INFO  PrintOutput:41 - Success::FINISH, CLOSING DB CONNECTION
2024-02-10 23:12:47 INFO  PrintOutput:41 - Success::-----------------------------
